<?xml version="1.0" encoding="UTF-8"?>
<!-- Generated by org.testng.reporters.JUnitReportReporter -->
<testsuite hostname="LAPTOP-OSN2D5R6" failures="0" tests="2" name="testNGflags.flag4" time="0.010" errors="0" timestamp="2022-02-19T08:51:00 IST" skipped="0">
  <testcase classname="testNGflags.flag4" name="signin" time="0.009"/>
  <system-out>
    <![CDATA[login feature]]>
  </system-out>
  <testcase classname="testNGflags.flag4" name="logout" time="0.001"/>
  <system-out>
    <![CDATA[logout feature]]>
  </system-out>
</testsuite> <!-- testNGflags.flag4 -->
