<?xml version="1.0" encoding="UTF-8"?>
<!-- Generated by org.testng.reporters.JUnitReportReporter -->
<testsuite hostname="LAPTOP-OSN2D5R6" failures="0" tests="1" name="testNG1.chetna" time="0.015" errors="0" timestamp="2022-02-19T08:23:14 IST" skipped="0">
  <testcase classname="testNG1.chetna" name="c" time="0.015"/>
  <system-out>
    <![CDATA[chetu]]>
  </system-out>
</testsuite> <!-- testNG1.chetna -->
