<?xml version="1.0" encoding="UTF-8"?>
<!-- Generated by org.testng.reporters.JUnitReportReporter -->
<testsuite hostname="LAPTOP-OSN2D5R6" failures="0" tests="2" name="testNG1.ParallelMethodExecution" time="0.026" errors="0" timestamp="2022-02-24T08:53:29 IST" skipped="0">
  <testcase classname="testNG1.ParallelMethodExecution" name="method2" time="0.013"/>
  <system-out>
    <![CDATA[method2
19]]>
  </system-out>
  <testcase classname="testNG1.ParallelMethodExecution" name="method1" time="0.013"/>
  <system-out>
    <![CDATA[method1
18]]>
  </system-out>
</testsuite> <!-- testNG1.ParallelMethodExecution -->
