<?xml version="1.0" encoding="UTF-8"?>
<!-- Generated by org.testng.reporters.JUnitReportReporter -->
<testsuite hostname="LAPTOP-OSN2D5R6" failures="0" tests="9" name="testNG1.flag" time="0.026" errors="0" timestamp="2022-02-18T17:41:07 IST" skipped="0">
  <testcase classname="testNG1.flag" name="h" time="0.014"/>
  <system-out>
    <![CDATA[h method]]>
  </system-out>
  <testcase classname="testNG1.flag" name="b" time="0.002"/>
  <system-out>
    <![CDATA[b method]]>
  </system-out>
  <testcase classname="testNG1.flag" name="c" time="0.001"/>
  <system-out>
    <![CDATA[c method]]>
  </system-out>
  <testcase classname="testNG1.flag" name="x" time="0.002"/>
  <system-out>
    <![CDATA[x method]]>
  </system-out>
  <testcase classname="testNG1.flag" name="w" time="0.001"/>
  <system-out>
    <![CDATA[w method]]>
  </system-out>
  <testcase classname="testNG1.flag" name="q" time="0.002"/>
  <system-out>
    <![CDATA[q method]]>
  </system-out>
  <testcase classname="testNG1.flag" name="j" time="0.002"/>
  <system-out>
    <![CDATA[j method]]>
  </system-out>
  <testcase classname="testNG1.flag" name="p" time="0.001"/>
  <system-out>
    <![CDATA[p method]]>
  </system-out>
  <testcase classname="testNG1.flag" name="g" time="0.001"/>
  <system-out>
    <![CDATA[g method]]>
  </system-out>
</testsuite> <!-- testNG1.flag -->
