<?xml version="1.0" encoding="UTF-8"?>
<!-- Generated by org.testng.reporters.JUnitReportReporter -->
<testsuite hostname="LAPTOP-OSN2D5R6" failures="0" tests="6" name="testNGflags.flag1" time="0.048" errors="0" timestamp="2022-02-24T08:38:24 IST" skipped="0">
  <testcase classname="testNGflags.flag1" name="h" time="0.003"/>
  <system-out>
    <![CDATA[h method]]>
  </system-out>
  <testcase classname="testNGflags.flag1" name="b" time="0.027"/>
  <system-out>
    <![CDATA[b method]]>
  </system-out>
  <testcase classname="testNGflags.flag1" name="c" time="0.006"/>
  <system-out>
    <![CDATA[c method]]>
  </system-out>
  <testcase classname="testNGflags.flag1" name="x" time="0.004"/>
  <system-out>
    <![CDATA[x method]]>
  </system-out>
  <testcase classname="testNGflags.flag1" name="w" time="0.004"/>
  <system-out>
    <![CDATA[w method]]>
  </system-out>
  <testcase classname="testNGflags.flag1" name="g" time="0.004"/>
  <system-out>
    <![CDATA[g method]]>
  </system-out>
</testsuite> <!-- testNGflags.flag1 -->
