<?xml version="1.0" encoding="UTF-8"?>
<!-- Generated by org.testng.reporters.JUnitReportReporter -->
<testsuite hostname="LAPTOP-OSN2D5R6" failures="0" tests="2" name="testNGflags.flag6" time="0.013" errors="0" timestamp="2022-02-19T09:13:55 IST" skipped="1">
  <testcase classname="testNGflags.flag6" name="g" time="0.013"/>
  <system-out>
    <![CDATA[test case got executed]]>
  </system-out>
  <testcase classname="testNGflags.flag6" name="f">
    <skipped/>
  </testcase> <!-- f -->
  <system-out/>
</testsuite> <!-- testNGflags.flag6 -->
