<?xml version="1.0" encoding="UTF-8"?>
<!-- Generated by org.testng.reporters.JUnitReportReporter -->
<testsuite hostname="LAPTOP-OSN2D5R6" failures="0" tests="18" name="testNGflags.flag7" time="0.033" errors="0" timestamp="2022-02-19T09:48:37 IST" skipped="0">
  <testcase classname="testNGflags.flag7" name="it3" time="0.001"/>
  <system-out>
    <![CDATA[integration test case 3 ]]>
  </system-out>
  <testcase classname="testNGflags.flag7" name="st5" time="0.001"/>
  <system-out>
    <![CDATA[smoke test case 5 ]]>
  </system-out>
  <testcase classname="testNGflags.flag7" name="it2" time="0.001"/>
  <system-out>
    <![CDATA[integration test case 2]]>
  </system-out>
  <testcase classname="testNGflags.flag7" name="it6" time="0.002"/>
  <system-out>
    <![CDATA[integration test case 6 ]]>
  </system-out>
  <testcase classname="testNGflags.flag7" name="it5" time="0.001"/>
  <system-out>
    <![CDATA[integration test case 5 ]]>
  </system-out>
  <testcase classname="testNGflags.flag7" name="ft6" time="0.001"/>
  <system-out>
    <![CDATA[functional test case 6]]>
  </system-out>
  <testcase classname="testNGflags.flag7" name="st1" time="0.002"/>
  <system-out>
    <![CDATA[smoke test case 1]]>
  </system-out>
  <testcase classname="testNGflags.flag7" name="st2" time="0.001"/>
  <system-out>
    <![CDATA[smoke test case 2]]>
  </system-out>
  <testcase classname="testNGflags.flag7" name="ft4" time="0.001"/>
  <system-out>
    <![CDATA[functional test case 4]]>
  </system-out>
  <testcase classname="testNGflags.flag7" name="st4" time="0.002"/>
  <system-out>
    <![CDATA[smoke test case 4 ]]>
  </system-out>
  <testcase classname="testNGflags.flag7" name="ft5" time="0.001"/>
  <system-out>
    <![CDATA[functional test case 5]]>
  </system-out>
  <testcase classname="testNGflags.flag7" name="ft3" time="0.002"/>
  <system-out>
    <![CDATA[functional test case 3]]>
  </system-out>
  <testcase classname="testNGflags.flag7" name="ft2" time="0.001"/>
  <system-out>
    <![CDATA[functional test case 2]]>
  </system-out>
  <testcase classname="testNGflags.flag7" name="it1" time="0.001"/>
  <system-out>
    <![CDATA[integration test case 1]]>
  </system-out>
  <testcase classname="testNGflags.flag7" name="st3" time="0.001"/>
  <system-out>
    <![CDATA[smoke test case 3 ]]>
  </system-out>
  <testcase classname="testNGflags.flag7" name="it4" time="0.002"/>
  <system-out>
    <![CDATA[integration test case 4 ]]>
  </system-out>
  <testcase classname="testNGflags.flag7" name="ft1" time="0.011"/>
  <system-out>
    <![CDATA[functional test case 1]]>
  </system-out>
  <testcase classname="testNGflags.flag7" name="st6" time="0.001"/>
  <system-out>
    <![CDATA[smoke test case 6 ]]>
  </system-out>
</testsuite> <!-- testNGflags.flag7 -->
