<?xml version="1.0" encoding="UTF-8"?>
<!-- Generated by org.testng.reporters.JUnitReportReporter -->
<testsuite hostname="LAPTOP-OSN2D5R6" failures="0" tests="100" name="testNGflags.flag3" time="0.116" errors="0" timestamp="2022-02-19T08:36:51 IST" skipped="0">
  <testcase classname="testNGflags.flag3" name="a" time="0.001"/>
  <system-out>
    <![CDATA[generates the inconsistent bug]]>
  </system-out>
  <testcase classname="testNGflags.flag3" name="a" time="0.002"/>
  <system-out>
    <![CDATA[generates the inconsistent bug]]>
  </system-out>
  <testcase classname="testNGflags.flag3" name="a" time="0.001"/>
  <system-out>
    <![CDATA[generates the inconsistent bug]]>
  </system-out>
  <testcase classname="testNGflags.flag3" name="a" time="0.001"/>
  <system-out>
    <![CDATA[generates the inconsistent bug]]>
  </system-out>
  <testcase classname="testNGflags.flag3" name="a" time="0.002"/>
  <system-out>
    <![CDATA[generates the inconsistent bug]]>
  </system-out>
  <testcase classname="testNGflags.flag3" name="a" time="0.001"/>
  <system-out>
    <![CDATA[generates the inconsistent bug]]>
  </system-out>
  <testcase classname="testNGflags.flag3" name="a" time="0.001"/>
  <system-out>
    <![CDATA[generates the inconsistent bug]]>
  </system-out>
  <testcase classname="testNGflags.flag3" name="a" time="0.000"/>
  <system-out>
    <![CDATA[generates the inconsistent bug]]>
  </system-out>
  <testcase classname="testNGflags.flag3" name="a" time="0.001"/>
  <system-out>
    <![CDATA[generates the inconsistent bug]]>
  </system-out>
  <testcase classname="testNGflags.flag3" name="a" time="0.002"/>
  <system-out>
    <![CDATA[generates the inconsistent bug]]>
  </system-out>
  <testcase classname="testNGflags.flag3" name="a" time="0.001"/>
  <system-out>
    <![CDATA[generates the inconsistent bug]]>
  </system-out>
  <testcase classname="testNGflags.flag3" name="a" time="0.001"/>
  <system-out>
    <![CDATA[generates the inconsistent bug]]>
  </system-out>
  <testcase classname="testNGflags.flag3" name="a" time="0.001"/>
  <system-out>
    <![CDATA[generates the inconsistent bug]]>
  </system-out>
  <testcase classname="testNGflags.flag3" name="a" time="0.001"/>
  <system-out>
    <![CDATA[generates the inconsistent bug]]>
  </system-out>
  <testcase classname="testNGflags.flag3" name="a" time="0.000"/>
  <system-out>
    <![CDATA[generates the inconsistent bug]]>
  </system-out>
  <testcase classname="testNGflags.flag3" name="a" time="0.001"/>
  <system-out>
    <![CDATA[generates the inconsistent bug]]>
  </system-out>
  <testcase classname="testNGflags.flag3" name="a" time="0.000"/>
  <system-out>
    <![CDATA[generates the inconsistent bug]]>
  </system-out>
  <testcase classname="testNGflags.flag3" name="a" time="0.000"/>
  <system-out>
    <![CDATA[generates the inconsistent bug]]>
  </system-out>
  <testcase classname="testNGflags.flag3" name="a" time="0.001"/>
  <system-out>
    <![CDATA[generates the inconsistent bug]]>
  </system-out>
  <testcase classname="testNGflags.flag3" name="a" time="0.001"/>
  <system-out>
    <![CDATA[generates the inconsistent bug]]>
  </system-out>
  <testcase classname="testNGflags.flag3" name="a" time="0.001"/>
  <system-out>
    <![CDATA[generates the inconsistent bug]]>
  </system-out>
  <testcase classname="testNGflags.flag3" name="a" time="0.001"/>
  <system-out>
    <![CDATA[generates the inconsistent bug]]>
  </system-out>
  <testcase classname="testNGflags.flag3" name="a" time="0.001"/>
  <system-out>
    <![CDATA[generates the inconsistent bug]]>
  </system-out>
  <testcase classname="testNGflags.flag3" name="a" time="0.001"/>
  <system-out>
    <![CDATA[generates the inconsistent bug]]>
  </system-out>
  <testcase classname="testNGflags.flag3" name="a" time="0.001"/>
  <system-out>
    <![CDATA[generates the inconsistent bug]]>
  </system-out>
  <testcase classname="testNGflags.flag3" name="a" time="0.000"/>
  <system-out>
    <![CDATA[generates the inconsistent bug]]>
  </system-out>
  <testcase classname="testNGflags.flag3" name="a" time="0.001"/>
  <system-out>
    <![CDATA[generates the inconsistent bug]]>
  </system-out>
  <testcase classname="testNGflags.flag3" name="a" time="0.002"/>
  <system-out>
    <![CDATA[generates the inconsistent bug]]>
  </system-out>
  <testcase classname="testNGflags.flag3" name="a" time="0.001"/>
  <system-out>
    <![CDATA[generates the inconsistent bug]]>
  </system-out>
  <testcase classname="testNGflags.flag3" name="a" time="0.001"/>
  <system-out>
    <![CDATA[generates the inconsistent bug]]>
  </system-out>
  <testcase classname="testNGflags.flag3" name="a" time="0.002"/>
  <system-out>
    <![CDATA[generates the inconsistent bug]]>
  </system-out>
  <testcase classname="testNGflags.flag3" name="a" time="0.001"/>
  <system-out>
    <![CDATA[generates the inconsistent bug]]>
  </system-out>
  <testcase classname="testNGflags.flag3" name="a" time="0.000"/>
  <system-out>
    <![CDATA[generates the inconsistent bug]]>
  </system-out>
  <testcase classname="testNGflags.flag3" name="a" time="0.000"/>
  <system-out>
    <![CDATA[generates the inconsistent bug]]>
  </system-out>
  <testcase classname="testNGflags.flag3" name="a" time="0.001"/>
  <system-out>
    <![CDATA[generates the inconsistent bug]]>
  </system-out>
  <testcase classname="testNGflags.flag3" name="a" time="0.001"/>
  <system-out>
    <![CDATA[generates the inconsistent bug]]>
  </system-out>
  <testcase classname="testNGflags.flag3" name="a" time="0.001"/>
  <system-out>
    <![CDATA[generates the inconsistent bug]]>
  </system-out>
  <testcase classname="testNGflags.flag3" name="a" time="0.001"/>
  <system-out>
    <![CDATA[generates the inconsistent bug]]>
  </system-out>
  <testcase classname="testNGflags.flag3" name="a" time="0.001"/>
  <system-out>
    <![CDATA[generates the inconsistent bug]]>
  </system-out>
  <testcase classname="testNGflags.flag3" name="a" time="0.001"/>
  <system-out>
    <![CDATA[generates the inconsistent bug]]>
  </system-out>
  <testcase classname="testNGflags.flag3" name="a" time="0.001"/>
  <system-out>
    <![CDATA[generates the inconsistent bug]]>
  </system-out>
  <testcase classname="testNGflags.flag3" name="a" time="0.001"/>
  <system-out>
    <![CDATA[generates the inconsistent bug]]>
  </system-out>
  <testcase classname="testNGflags.flag3" name="a" time="0.000"/>
  <system-out>
    <![CDATA[generates the inconsistent bug]]>
  </system-out>
  <testcase classname="testNGflags.flag3" name="a" time="0.001"/>
  <system-out>
    <![CDATA[generates the inconsistent bug]]>
  </system-out>
  <testcase classname="testNGflags.flag3" name="a" time="0.001"/>
  <system-out>
    <![CDATA[generates the inconsistent bug]]>
  </system-out>
  <testcase classname="testNGflags.flag3" name="a" time="0.001"/>
  <system-out>
    <![CDATA[generates the inconsistent bug]]>
  </system-out>
  <testcase classname="testNGflags.flag3" name="a" time="0.000"/>
  <system-out>
    <![CDATA[generates the inconsistent bug]]>
  </system-out>
  <testcase classname="testNGflags.flag3" name="a" time="0.001"/>
  <system-out>
    <![CDATA[generates the inconsistent bug]]>
  </system-out>
  <testcase classname="testNGflags.flag3" name="a" time="0.001"/>
  <system-out>
    <![CDATA[generates the inconsistent bug]]>
  </system-out>
  <testcase classname="testNGflags.flag3" name="a" time="0.000"/>
  <system-out>
    <![CDATA[generates the inconsistent bug]]>
  </system-out>
  <testcase classname="testNGflags.flag3" name="a" time="0.002"/>
  <system-out>
    <![CDATA[generates the inconsistent bug]]>
  </system-out>
  <testcase classname="testNGflags.flag3" name="a" time="0.002"/>
  <system-out>
    <![CDATA[generates the inconsistent bug]]>
  </system-out>
  <testcase classname="testNGflags.flag3" name="a" time="0.002"/>
  <system-out>
    <![CDATA[generates the inconsistent bug]]>
  </system-out>
  <testcase classname="testNGflags.flag3" name="a" time="0.001"/>
  <system-out>
    <![CDATA[generates the inconsistent bug]]>
  </system-out>
  <testcase classname="testNGflags.flag3" name="a" time="0.001"/>
  <system-out>
    <![CDATA[generates the inconsistent bug]]>
  </system-out>
  <testcase classname="testNGflags.flag3" name="a" time="0.001"/>
  <system-out>
    <![CDATA[generates the inconsistent bug]]>
  </system-out>
  <testcase classname="testNGflags.flag3" name="a" time="0.006"/>
  <system-out>
    <![CDATA[generates the inconsistent bug]]>
  </system-out>
  <testcase classname="testNGflags.flag3" name="a" time="0.001"/>
  <system-out>
    <![CDATA[generates the inconsistent bug]]>
  </system-out>
  <testcase classname="testNGflags.flag3" name="a" time="0.000"/>
  <system-out>
    <![CDATA[generates the inconsistent bug]]>
  </system-out>
  <testcase classname="testNGflags.flag3" name="a" time="0.001"/>
  <system-out>
    <![CDATA[generates the inconsistent bug]]>
  </system-out>
  <testcase classname="testNGflags.flag3" name="a" time="0.000"/>
  <system-out>
    <![CDATA[generates the inconsistent bug]]>
  </system-out>
  <testcase classname="testNGflags.flag3" name="a" time="0.000"/>
  <system-out>
    <![CDATA[generates the inconsistent bug]]>
  </system-out>
  <testcase classname="testNGflags.flag3" name="a" time="0.001"/>
  <system-out>
    <![CDATA[generates the inconsistent bug]]>
  </system-out>
  <testcase classname="testNGflags.flag3" name="a" time="0.001"/>
  <system-out>
    <![CDATA[generates the inconsistent bug]]>
  </system-out>
  <testcase classname="testNGflags.flag3" name="a" time="0.001"/>
  <system-out>
    <![CDATA[generates the inconsistent bug]]>
  </system-out>
  <testcase classname="testNGflags.flag3" name="a" time="0.001"/>
  <system-out>
    <![CDATA[generates the inconsistent bug]]>
  </system-out>
  <testcase classname="testNGflags.flag3" name="a" time="0.001"/>
  <system-out>
    <![CDATA[generates the inconsistent bug]]>
  </system-out>
  <testcase classname="testNGflags.flag3" name="a" time="0.000"/>
  <system-out>
    <![CDATA[generates the inconsistent bug]]>
  </system-out>
  <testcase classname="testNGflags.flag3" name="a" time="0.001"/>
  <system-out>
    <![CDATA[generates the inconsistent bug]]>
  </system-out>
  <testcase classname="testNGflags.flag3" name="a" time="0.000"/>
  <system-out>
    <![CDATA[generates the inconsistent bug]]>
  </system-out>
  <testcase classname="testNGflags.flag3" name="a" time="0.000"/>
  <system-out>
    <![CDATA[generates the inconsistent bug]]>
  </system-out>
  <testcase classname="testNGflags.flag3" name="a" time="0.000"/>
  <system-out>
    <![CDATA[generates the inconsistent bug]]>
  </system-out>
  <testcase classname="testNGflags.flag3" name="a" time="0.000"/>
  <system-out>
    <![CDATA[generates the inconsistent bug]]>
  </system-out>
  <testcase classname="testNGflags.flag3" name="a" time="0.001"/>
  <system-out>
    <![CDATA[generates the inconsistent bug]]>
  </system-out>
  <testcase classname="testNGflags.flag3" name="a" time="0.000"/>
  <system-out>
    <![CDATA[generates the inconsistent bug]]>
  </system-out>
  <testcase classname="testNGflags.flag3" name="a" time="0.001"/>
  <system-out>
    <![CDATA[generates the inconsistent bug]]>
  </system-out>
  <testcase classname="testNGflags.flag3" name="a" time="0.000"/>
  <system-out>
    <![CDATA[generates the inconsistent bug]]>
  </system-out>
  <testcase classname="testNGflags.flag3" name="a" time="0.000"/>
  <system-out>
    <![CDATA[generates the inconsistent bug]]>
  </system-out>
  <testcase classname="testNGflags.flag3" name="a" time="0.012"/>
  <system-out>
    <![CDATA[generates the inconsistent bug]]>
  </system-out>
  <testcase classname="testNGflags.flag3" name="a" time="0.001"/>
  <system-out>
    <![CDATA[generates the inconsistent bug]]>
  </system-out>
  <testcase classname="testNGflags.flag3" name="a" time="0.005"/>
  <system-out>
    <![CDATA[generates the inconsistent bug]]>
  </system-out>
  <testcase classname="testNGflags.flag3" name="a" time="0.002"/>
  <system-out>
    <![CDATA[generates the inconsistent bug]]>
  </system-out>
  <testcase classname="testNGflags.flag3" name="a" time="0.002"/>
  <system-out>
    <![CDATA[generates the inconsistent bug]]>
  </system-out>
  <testcase classname="testNGflags.flag3" name="a" time="0.001"/>
  <system-out>
    <![CDATA[generates the inconsistent bug]]>
  </system-out>
  <testcase classname="testNGflags.flag3" name="a" time="0.001"/>
  <system-out>
    <![CDATA[generates the inconsistent bug]]>
  </system-out>
  <testcase classname="testNGflags.flag3" name="a" time="0.000"/>
  <system-out>
    <![CDATA[generates the inconsistent bug]]>
  </system-out>
  <testcase classname="testNGflags.flag3" name="a" time="0.000"/>
  <system-out>
    <![CDATA[generates the inconsistent bug]]>
  </system-out>
  <testcase classname="testNGflags.flag3" name="a" time="0.007"/>
  <system-out>
    <![CDATA[generates the inconsistent bug]]>
  </system-out>
  <testcase classname="testNGflags.flag3" name="a" time="0.001"/>
  <system-out>
    <![CDATA[generates the inconsistent bug]]>
  </system-out>
  <testcase classname="testNGflags.flag3" name="a" time="0.001"/>
  <system-out>
    <![CDATA[generates the inconsistent bug]]>
  </system-out>
  <testcase classname="testNGflags.flag3" name="a" time="0.001"/>
  <system-out>
    <![CDATA[generates the inconsistent bug]]>
  </system-out>
  <testcase classname="testNGflags.flag3" name="a" time="0.001"/>
  <system-out>
    <![CDATA[generates the inconsistent bug]]>
  </system-out>
  <testcase classname="testNGflags.flag3" name="a" time="0.002"/>
  <system-out>
    <![CDATA[generates the inconsistent bug]]>
  </system-out>
  <testcase classname="testNGflags.flag3" name="a" time="0.001"/>
  <system-out>
    <![CDATA[generates the inconsistent bug]]>
  </system-out>
  <testcase classname="testNGflags.flag3" name="a" time="0.001"/>
  <system-out>
    <![CDATA[generates the inconsistent bug]]>
  </system-out>
  <testcase classname="testNGflags.flag3" name="a" time="0.000"/>
  <system-out>
    <![CDATA[generates the inconsistent bug]]>
  </system-out>
  <testcase classname="testNGflags.flag3" name="a" time="0.002"/>
  <system-out>
    <![CDATA[generates the inconsistent bug]]>
  </system-out>
  <testcase classname="testNGflags.flag3" name="a" time="0.001"/>
  <system-out>
    <![CDATA[generates the inconsistent bug]]>
  </system-out>
  <testcase classname="testNGflags.flag3" name="a" time="0.003"/>
  <system-out>
    <![CDATA[generates the inconsistent bug]]>
  </system-out>
  <testcase classname="testNGflags.flag3" name="a" time="0.001"/>
  <system-out>
    <![CDATA[generates the inconsistent bug]]>
  </system-out>
</testsuite> <!-- testNGflags.flag3 -->
