<?xml version="1.0" encoding="UTF-8"?>
<!-- Generated by org.testng.reporters.JUnitReportReporter -->
<testsuite hostname="LAPTOP-OSN2D5R6" failures="0" tests="9" name="testNGflags.flag" time="0.017" errors="0" timestamp="2022-02-19T08:25:02 IST" skipped="0">
  <testcase classname="testNGflags.flag" name="h" time="0.010"/>
  <system-out>
    <![CDATA[h method]]>
  </system-out>
  <testcase classname="testNGflags.flag" name="c" time="0.001"/>
  <system-out>
    <![CDATA[c method]]>
  </system-out>
  <testcase classname="testNGflags.flag" name="b" time="0.001"/>
  <system-out>
    <![CDATA[b method]]>
  </system-out>
  <testcase classname="testNGflags.flag" name="x" time="0.001"/>
  <system-out>
    <![CDATA[x method]]>
  </system-out>
  <testcase classname="testNGflags.flag" name="j" time="0.001"/>
  <system-out>
    <![CDATA[j method]]>
  </system-out>
  <testcase classname="testNGflags.flag" name="q" time="0.001"/>
  <system-out>
    <![CDATA[q method]]>
  </system-out>
  <testcase classname="testNGflags.flag" name="w" time="0.000"/>
  <system-out>
    <![CDATA[w method]]>
  </system-out>
  <testcase classname="testNGflags.flag" name="p" time="0.001"/>
  <system-out>
    <![CDATA[p method]]>
  </system-out>
  <testcase classname="testNGflags.flag" name="g" time="0.001"/>
  <system-out>
    <![CDATA[g method]]>
  </system-out>
</testsuite> <!-- testNGflags.flag -->
