<?xml version="1.0" encoding="UTF-8"?>
<!-- Generated by org.testng.reporters.JUnitReportReporter -->
<testsuite hostname="LAPTOP-OSN2D5R6" failures="0" tests="1" name="testNGflags.flag2" time="0.010" errors="0" timestamp="2022-02-19T08:33:52 IST" skipped="0">
  <testcase classname="testNGflags.flag2" name="login" time="0.010"/>
  <system-out>
    <![CDATA[login is successful]]>
  </system-out>
</testsuite> <!-- testNGflags.flag2 -->
